<?xml version="1.0" encoding="UTF-8"?>
<testsuite xmlns:xsi="http://www.w3.org/2001/XMLSchema-instance" xsi:noNamespaceSchemaLocation="https://maven.apache.org/surefire/maven-surefire-plugin/xsd/surefire-test-report-3.0.xsd" version="3.0" name="com.github.marioczpn.kafka.streams.KafkaStreamsIntegrationTest" time="5.917" tests="2" errors="0" skipped="0" failures="0">
  <properties>
[...]
</properties>
  <testcase name="testProduceCommonMessageToKafkaBroker" classname="com.github.marioczpn.kafka.streams.KafkaStreamsIntegrationTest" time="1.077">
    <system-err><![CDATA[[main] INFO com.github.marioczpn.kafka.streams.helper.FileHelper - Loading the config.properties information... 
[main] INFO com.github.marioczpn.kafka.streams.helper.FileHelper - Looking into the config file... 
[main] INFO com.github.marioczpn.kafka.streams.helper.FileHelper - Setting EXTERNAL config file sent by argument: config/config.properties
[main] INFO com.github.marioczpn.kafka.streams.helper.FileHelper - Ends.
[main] INFO com.github.marioczpn.kafka.streams.KafkaStreamsIntegrationTest - Executing .testProduceCommonMessageToKafkaBroker() - Producing a msg to Kafka Broker
[main] INFO org.apache.kafka.clients.producer.ProducerConfig - ProducerConfig values: 
	acks = 1
	batch.size = 16384
	bootstrap.servers = [192.168.0.108:9092]
	buffer.memory = 33554432
	client.dns.lookup = use_all_dns_ips
	client.id = streams-convert-base64-project-client
	compression.type = none
	connections.max.idle.ms = 540000
	delivery.timeout.ms = 120000
	enable.idempotence = false
	interceptor.classes = []
	internal.auto.downgrade.txn.commit = false
	key.serializer = class org.apache.kafka.common.serialization.StringSerializer
	linger.ms = 0
	max.block.ms = 60000
	max.in.flight.requests.per.connection = 5
	max.request.size = 1048576
	metadata.max.age.ms = 300000
	metadata.max.idle.ms = 300000
	metric.reporters = []
	metrics.num.samples = 2
	metrics.recording.level = INFO
	metrics.sample.window.ms = 30000
	partitioner.class = class org.apache.kafka.clients.producer.internals.DefaultPartitioner
	receive.buffer.bytes = 32768
	reconnect.backoff.max.ms = 1000
	reconnect.backoff.ms = 50
	request.timeout.ms = 30000
	retries = 2147483647
	retry.backoff.ms = 100
	sasl.client.callback.handler.class = null
	sasl.jaas.config = null
	sasl.kerberos.kinit.cmd = /usr/bin/kinit
	sasl.kerberos.min.time.before.relogin = 60000
	sasl.kerberos.service.name = null
	sasl.kerberos.ticket.renew.jitter = 0.05
	sasl.kerberos.ticket.renew.window.factor = 0.8
	sasl.login.callback.handler.class = null
	sasl.login.class = null
	sasl.login.refresh.buffer.seconds = 300
	sasl.login.refresh.min.period.seconds = 60
	sasl.login.refresh.window.factor = 0.8
	sasl.login.refresh.window.jitter = 0.05
	sasl.mechanism = GSSAPI
	security.protocol = PLAINTEXT
	security.providers = null
	send.buffer.bytes = 131072
	ssl.cipher.suites = null
	ssl.enabled.protocols = [TLSv1.2, TLSv1.3]
	ssl.endpoint.identification.algorithm = https
	ssl.engine.factory.class = null
	ssl.key.password = null
	ssl.keymanager.algorithm = SunX509
	ssl.keystore.location = null
	ssl.keystore.password = null
	ssl.keystore.type = JKS
	ssl.protocol = TLSv1.3
	ssl.provider = null
	ssl.secure.random.implementation = null
	ssl.trustmanager.algorithm = PKIX
	ssl.truststore.location = null
	ssl.truststore.password = null
	ssl.truststore.type = JKS
	transaction.timeout.ms = 60000
	transactional.id = null
	value.serializer = class org.apache.kafka.common.serialization.StringSerializer

[main] INFO org.apache.kafka.common.utils.AppInfoParser - Kafka version: 2.6.0
[main] INFO org.apache.kafka.common.utils.AppInfoParser - Kafka commitId: 62abe01bee039651
[main] INFO org.apache.kafka.common.utils.AppInfoParser - Kafka startTimeMs: 1606496419743
[kafka-producer-network-thread | streams-convert-base64-project-client] INFO org.apache.kafka.clients.Metadata - [Producer clientId=streams-convert-base64-project-client] Cluster ID: YTiAgbEdTy--KtjXrttuoA
[main] INFO com.github.marioczpn.kafka.streams.KafkaStreamsIntegrationTest - Record sent: 
Topic:input-topic
Partition: 0
Offset: 140
Timestamp: 1606496420316
[main] INFO org.apache.kafka.clients.producer.KafkaProducer - [Producer clientId=streams-convert-base64-project-client] Closing the Kafka producer with timeoutMillis = 9223372036854775807 ms.
]]></system-err>
  </testcase>
  <testcase name="testKafkaConsumeMsgInBase64Format" classname="com.github.marioczpn.kafka.streams.KafkaStreamsIntegrationTest" time="4.721">
    <system-err><![CDATA[[main] INFO com.github.marioczpn.kafka.streams.helper.FileHelper - Loading the config.properties information... 
[main] INFO com.github.marioczpn.kafka.streams.helper.FileHelper - Looking into the config file... 
[main] INFO com.github.marioczpn.kafka.streams.helper.FileHelper - Setting EXTERNAL config file sent by argument: config/config.properties
[main] INFO com.github.marioczpn.kafka.streams.helper.FileHelper - Ends.
[main] INFO com.github.marioczpn.kafka.streams.KafkaStreamsIntegrationTest - Executing .testKafkaConsumeMsgInBase64Format() - Consuming an *encoded* message from Kafka Broker
[main] INFO org.apache.kafka.clients.consumer.ConsumerConfig - ConsumerConfig values: 
	allow.auto.create.topics = true
	auto.commit.interval.ms = 5000
	auto.offset.reset = earliest
	bootstrap.servers = [192.168.0.108:9092]
	check.crcs = true
	client.dns.lookup = use_all_dns_ips
	client.id = consumer-streams-convert-base64-project-client-1
	client.rack = 
	connections.max.idle.ms = 540000
	default.api.timeout.ms = 60000
	enable.auto.commit = true
	exclude.internal.topics = true
	fetch.max.bytes = 52428800
	fetch.max.wait.ms = 500
	fetch.min.bytes = 1
	group.id = streams-convert-base64-project-client
	group.instance.id = null
	heartbeat.interval.ms = 3000
	interceptor.classes = []
	internal.leave.group.on.close = true
	internal.throw.on.fetch.stable.offset.unsupported = false
	isolation.level = read_uncommitted
	key.deserializer = class org.apache.kafka.common.serialization.StringDeserializer
	max.partition.fetch.bytes = 1048576
	max.poll.interval.ms = 300000
	max.poll.records = 1
	metadata.max.age.ms = 300000
	metric.reporters = []
	metrics.num.samples = 2
	metrics.recording.level = INFO
	metrics.sample.window.ms = 30000
	partition.assignment.strategy = [class org.apache.kafka.clients.consumer.RangeAssignor]
	receive.buffer.bytes = 65536
	reconnect.backoff.max.ms = 1000
	reconnect.backoff.ms = 50
	request.timeout.ms = 30000
	retry.backoff.ms = 100
	sasl.client.callback.handler.class = null
	sasl.jaas.config = null
	sasl.kerberos.kinit.cmd = /usr/bin/kinit
	sasl.kerberos.min.time.before.relogin = 60000
	sasl.kerberos.service.name = null
	sasl.kerberos.ticket.renew.jitter = 0.05
	sasl.kerberos.ticket.renew.window.factor = 0.8
	sasl.login.callback.handler.class = null
	sasl.login.class = null
	sasl.login.refresh.buffer.seconds = 300
	sasl.login.refresh.min.period.seconds = 60
	sasl.login.refresh.window.factor = 0.8
	sasl.login.refresh.window.jitter = 0.05
	sasl.mechanism = GSSAPI
	security.protocol = PLAINTEXT
	security.providers = null
	send.buffer.bytes = 131072
	session.timeout.ms = 10000
	ssl.cipher.suites = null
	ssl.enabled.protocols = [TLSv1.2, TLSv1.3]
	ssl.endpoint.identification.algorithm = https
	ssl.engine.factory.class = null
	ssl.key.password = null
	ssl.keymanager.algorithm = SunX509
	ssl.keystore.location = null
	ssl.keystore.password = null
	ssl.keystore.type = JKS
	ssl.protocol = TLSv1.3
	ssl.provider = null
	ssl.secure.random.implementation = null
	ssl.trustmanager.algorithm = PKIX
	ssl.truststore.location = null
	ssl.truststore.password = null
	ssl.truststore.type = JKS
	value.deserializer = class org.apache.kafka.common.serialization.StringDeserializer

[main] INFO org.apache.kafka.common.utils.AppInfoParser - Kafka version: 2.6.0
[main] INFO org.apache.kafka.common.utils.AppInfoParser - Kafka commitId: 62abe01bee039651
[main] INFO org.apache.kafka.common.utils.AppInfoParser - Kafka startTimeMs: 1606496420592
[main] INFO org.apache.kafka.clients.consumer.KafkaConsumer - [Consumer clientId=consumer-streams-convert-base64-project-client-1, groupId=streams-convert-base64-project-client] Subscribed to topic(s): streams-output-topic
[main] INFO org.apache.kafka.clients.Metadata - [Consumer clientId=consumer-streams-convert-base64-project-client-1, groupId=streams-convert-base64-project-client] Cluster ID: YTiAgbEdTy--KtjXrttuoA
[main] INFO org.apache.kafka.clients.consumer.internals.AbstractCoordinator - [Consumer clientId=consumer-streams-convert-base64-project-client-1, groupId=streams-convert-base64-project-client] Discovered group coordinator 192.168.0.108:9092 (id: 2147483647 rack: null)
[main] INFO org.apache.kafka.clients.consumer.internals.AbstractCoordinator - [Consumer clientId=consumer-streams-convert-base64-project-client-1, groupId=streams-convert-base64-project-client] (Re-)joining group
[main] INFO org.apache.kafka.clients.consumer.internals.AbstractCoordinator - [Consumer clientId=consumer-streams-convert-base64-project-client-1, groupId=streams-convert-base64-project-client] Join group failed with org.apache.kafka.common.errors.MemberIdRequiredException: The group member needs to have a valid member id before actually entering a consumer group.
[main] INFO org.apache.kafka.clients.consumer.internals.AbstractCoordinator - [Consumer clientId=consumer-streams-convert-base64-project-client-1, groupId=streams-convert-base64-project-client] (Re-)joining group
[main] INFO org.apache.kafka.clients.consumer.internals.ConsumerCoordinator - [Consumer clientId=consumer-streams-convert-base64-project-client-1, groupId=streams-convert-base64-project-client] Finished assignment for group at generation 4: {consumer-streams-convert-base64-project-client-1-f161f0c8-3129-4be0-9b62-264edcbc7d57=Assignment(partitions=[streams-output-topic-0])}
[main] INFO org.apache.kafka.clients.consumer.internals.AbstractCoordinator - [Consumer clientId=consumer-streams-convert-base64-project-client-1, groupId=streams-convert-base64-project-client] Successfully joined group with generation 4
[main] INFO org.apache.kafka.clients.consumer.internals.ConsumerCoordinator - [Consumer clientId=consumer-streams-convert-base64-project-client-1, groupId=streams-convert-base64-project-client] Notifying assignor about the new Assignment(partitions=[streams-output-topic-0])
[main] INFO org.apache.kafka.clients.consumer.internals.ConsumerCoordinator - [Consumer clientId=consumer-streams-convert-base64-project-client-1, groupId=streams-convert-base64-project-client] Adding newly assigned partitions: streams-output-topic-0
[main] INFO org.apache.kafka.clients.consumer.internals.ConsumerCoordinator - [Consumer clientId=consumer-streams-convert-base64-project-client-1, groupId=streams-convert-base64-project-client] Found no committed offset for partition streams-output-topic-0
[main] INFO org.apache.kafka.clients.consumer.internals.SubscriptionState - [Consumer clientId=consumer-streams-convert-base64-project-client-1, groupId=streams-convert-base64-project-client] Resetting offset for partition streams-output-topic-0 to offset 0.
[main] INFO com.github.marioczpn.kafka.streams.helper.ConsumerCreatorHelper - Topic: streams-output-topicRecord data: streams-output-topic-0
[main] INFO com.github.marioczpn.kafka.streams.helper.ConsumerCreatorHelper - offset: 118
[main] INFO org.apache.kafka.clients.consumer.KafkaConsumer - [Consumer clientId=consumer-streams-convert-base64-project-client-1, groupId=streams-convert-base64-project-client] Seeking to offset 117 for partition streams-output-topic-0
]]></system-err>
  </testcase>
</testsuite>